No upstream repository specified, using upstream source in /home/anurag/WORKSPACE/debianize-CMP/dulwich.debianize/
Switching to packaging branch debian/main.
Using default unshare session
Creating UpstreamBranchSource for enhanced upstream metadata handling
Successfully created UpstreamBranchSource
Using upstream version: 1.2.6
Creating unshare session from cached Debian sid image
Using cached Debian sid image from: /home/anurag/.cache/ognibuild/images/debian-sid-amd64.tar.gz
Using cached Debian sid image
Created upstream branch pointing to revision git-v1:1a154e0a545180ddf4a49322a6e524e4c1828ac3
Created upstream tag: upstream/1.2.6
Identified error: MissingCommand("python3")
Attempting to use fixer upstream requirement fixer to address MissingCommand("python3")
apt: running ["apt", "-y", "satisfy", "python3-minimal"]
Reading package lists...
Building dependency tree...
Reading state information...
Solving dependencies...
Installing:
  python3-minimal

Installing dependencies:
  ca-certificates  libncursesw6           libsqlite3-0  python3.13
  libexpat1        libpython3.13-minimal  media-types   python3.13-minimal
  libffi8          libpython3.13-stdlib   netbase       readline-common
  libgpm2          libreadline8t64        openssl

Suggested packages:
  gpm              python3.13-doc  binfmt-support
  python3.13-venv  binutils        readline-doc

Summary:
  Upgrading: 0, Installing: 16, Removing: 0, Not Upgrading: 0
  Download size: 9068 kB
  Space needed: 29.3 MB / 2649 MB available

Ign:1 http://deb.debian.org/debian sid/main amd64 libexpat1 amd64 2.8.1-1
Ign:2 http://deb.debian.org/debian sid/main amd64 libpython3.13-minimal amd64 3.13.12-1
Ign:3 http://deb.debian.org/debian sid/main amd64 python3.13-minimal amd64 3.13.12-1
Ign:4 http://deb.debian.org/debian sid/main amd64 python3-minimal amd64 3.13.9-3+b1
Ign:5 http://deb.debian.org/debian sid/main amd64 netbase all 6.5
Ign:6 http://deb.debian.org/debian sid/main amd64 readline-common all 8.3-4
Ign:7 http://deb.debian.org/debian sid/main amd64 openssl amd64 3.6.2-1
Ign:8 http://deb.debian.org/debian sid/main amd64 ca-certificates all 20260601
Ign:9 http://deb.debian.org/debian sid/main amd64 media-types all 14.0.0
Ign:10 http://deb.debian.org/debian sid/main amd64 libffi8 amd64 3.5.2-4
Ign:11 http://deb.debian.org/debian sid/main amd64 libgpm2 amd64 1.20.7-12+b2
Ign:11 http://deb.debian.org/debian sid/main amd64 libgpm2 amd64 1.20.7-12+b2
Ign:10 http://deb.debian.org/debian sid/main amd64 libffi8 amd64 3.5.2-4
Ign:9 http://deb.debian.org/debian sid/main amd64 media-types all 14.0.0
Ign:8 http://deb.debian.org/debian sid/main amd64 ca-certificates all 20260601
Ign:7 http://deb.debian.org/debian sid/main amd64 openssl amd64 3.6.2-1
Ign:6 http://deb.debian.org/debian sid/main amd64 readline-common all 8.3-4
Ign:5 http://deb.debian.org/debian sid/main amd64 netbase all 6.5
Ign:4 http://deb.debian.org/debian sid/main amd64 python3-minimal amd64 3.13.9-3+b1
Ign:3 http://deb.debian.org/debian sid/main amd64 python3.13-minimal amd64 3.13.12-1
Ign:2 http://deb.debian.org/debian sid/main amd64 libpython3.13-minimal amd64 3.13.12-1
Ign:1 http://deb.debian.org/debian sid/main amd64 libexpat1 amd64 2.8.1-1
Ign:1 http://deb.debian.org/debian sid/main amd64 libexpat1 amd64 2.8.1-1
Ign:2 http://deb.debian.org/debian sid/main amd64 libpython3.13-minimal amd64 3.13.12-1
Ign:3 http://deb.debian.org/debian sid/main amd64 python3.13-minimal amd64 3.13.12-1
Ign:4 http://deb.debian.org/debian sid/main amd64 python3-minimal amd64 3.13.9-3+b1
Ign:5 http://deb.debian.org/debian sid/main amd64 netbase all 6.5
Ign:6 http://deb.debian.org/debian sid/main amd64 readline-common all 8.3-4
Ign:7 http://deb.debian.org/debian sid/main amd64 openssl amd64 3.6.2-1
Ign:8 http://deb.debian.org/debian sid/main amd64 ca-certificates all 20260601
Ign:9 http://deb.debian.org/debian sid/main amd64 media-types all 14.0.0
Ign:10 http://deb.debian.org/debian sid/main amd64 libffi8 amd64 3.5.2-4
Ign:11 http://deb.debian.org/debian sid/main amd64 libgpm2 amd64 1.20.7-12+b2
Err:11 http://deb.debian.org/debian sid/main amd64 libgpm2 amd64 1.20.7-12+b2
  Temporary failure resolving 'deb.debian.org'
Err:10 http://deb.debian.org/debian sid/main amd64 libffi8 amd64 3.5.2-4
  Temporary failure resolving 'deb.debian.org'
Err:9 http://deb.debian.org/debian sid/main amd64 media-types all 14.0.0
  Temporary failure resolving 'deb.debian.org'
Err:8 http://deb.debian.org/debian sid/main amd64 ca-certificates all 20260601
  Temporary failure resolving 'deb.debian.org'
Err:7 http://deb.debian.org/debian sid/main amd64 openssl amd64 3.6.2-1
  Temporary failure resolving 'deb.debian.org'
Err:6 http://deb.debian.org/debian sid/main amd64 readline-common all 8.3-4
  Temporary failure resolving 'deb.debian.org'
Err:5 http://deb.debian.org/debian sid/main amd64 netbase all 6.5
  Temporary failure resolving 'deb.debian.org'
Err:4 http://deb.debian.org/debian sid/main amd64 python3-minimal amd64 3.13.9-3+b1
  Temporary failure resolving 'deb.debian.org'
Err:3 http://deb.debian.org/debian sid/main amd64 python3.13-minimal amd64 3.13.12-1
  Temporary failure resolving 'deb.debian.org'
Err:2 http://deb.debian.org/debian sid/main amd64 libpython3.13-minimal amd64 3.13.12-1
  Temporary failure resolving 'deb.debian.org'
Err:1 http://deb.debian.org/debian sid/main amd64 libexpat1 amd64 2.8.1-1
  Temporary failure resolving 'deb.debian.org'
Ign:12 http://deb.debian.org/debian sid/main amd64 libncursesw6 amd64 6.6+20251231-1+b1
Ign:13 http://deb.debian.org/debian sid/main amd64 libreadline8t64 amd64 8.3-4
Ign:14 http://deb.debian.org/debian sid/main amd64 libsqlite3-0 amd64 3.46.1-9+b1
Ign:15 http://deb.debian.org/debian sid/main amd64 libpython3.13-stdlib amd64 3.13.12-1
Ign:16 http://deb.debian.org/debian sid/main amd64 python3.13 amd64 3.13.12-1
Ign:16 http://deb.debian.org/debian sid/main amd64 python3.13 amd64 3.13.12-1
Ign:15 http://deb.debian.org/debian sid/main amd64 libpython3.13-stdlib amd64 3.13.12-1
Ign:14 http://deb.debian.org/debian sid/main amd64 libsqlite3-0 amd64 3.46.1-9+b1
Ign:13 http://deb.debian.org/debian sid/main amd64 libreadline8t64 amd64 8.3-4
Ign:12 http://deb.debian.org/debian sid/main amd64 libncursesw6 amd64 6.6+20251231-1+b1
Ign:12 http://deb.debian.org/debian sid/main amd64 libncursesw6 amd64 6.6+20251231-1+b1
Ign:13 http://deb.debian.org/debian sid/main amd64 libreadline8t64 amd64 8.3-4
Ign:14 http://deb.debian.org/debian sid/main amd64 libsqlite3-0 amd64 3.46.1-9+b1
Ign:15 http://deb.debian.org/debian sid/main amd64 libpython3.13-stdlib amd64 3.13.12-1
Ign:16 http://deb.debian.org/debian sid/main amd64 python3.13 amd64 3.13.12-1
Err:16 http://deb.debian.org/debian sid/main amd64 python3.13 amd64 3.13.12-1
  Temporary failure resolving 'deb.debian.org'
Err:15 http://deb.debian.org/debian sid/main amd64 libpython3.13-stdlib amd64 3.13.12-1
  Temporary failure resolving 'deb.debian.org'
Err:14 http://deb.debian.org/debian sid/main amd64 libsqlite3-0 amd64 3.46.1-9+b1
  Temporary failure resolving 'deb.debian.org'
Err:13 http://deb.debian.org/debian sid/main amd64 libreadline8t64 amd64 8.3-4
  Temporary failure resolving 'deb.debian.org'
Err:12 http://deb.debian.org/debian sid/main amd64 libncursesw6 amd64 6.6+20251231-1+b1
  Temporary failure resolving 'deb.debian.org'
Error: Failed to fetch http://deb.debian.org/debian/pool/main/e/expat/libexpat1_2.8.1-1_amd64.deb  Temporary failure resolving 'deb.debian.org'
Error: Failed to fetch http://deb.debian.org/debian/pool/main/p/python3.13/libpython3.13-minimal_3.13.12-1_amd64.deb  Temporary failure resolving 'deb.debian.org'
Error: Failed to fetch http://deb.debian.org/debian/pool/main/p/python3.13/python3.13-minimal_3.13.12-1_amd64.deb  Temporary failure resolving 'deb.debian.org'
Error: Failed to fetch http://deb.debian.org/debian/pool/main/p/python3-defaults/python3-minimal_3.13.9-3%2bb1_amd64.deb  Temporary failure resolving 'deb.debian.org'
Error: Failed to fetch http://deb.debian.org/debian/pool/main/n/netbase/netbase_6.5_all.deb  Temporary failure resolving 'deb.debian.org'
Error: Failed to fetch http://deb.debian.org/debian/pool/main/r/readline/readline-common_8.3-4_all.deb  Temporary failure resolving 'deb.debian.org'
Error: Failed to fetch http://deb.debian.org/debian/pool/main/o/openssl/openssl_3.6.2-1_amd64.deb  Temporary failure resolving 'deb.debian.org'
Error: Failed to fetch http://deb.debian.org/debian/pool/main/c/ca-certificates/ca-certificates_20260601_all.deb  Temporary failure resolving 'deb.debian.org'
Error: Failed to fetch http://deb.debian.org/debian/pool/main/m/media-types/media-types_14.0.0_all.deb  Temporary failure resolving 'deb.debian.org'
Error: Failed to fetch http://deb.debian.org/debian/pool/main/libf/libffi/libffi8_3.5.2-4_amd64.deb  Temporary failure resolving 'deb.debian.org'
Error: Failed to fetch http://deb.debian.org/debian/pool/main/g/gpm/libgpm2_1.20.7-12%2bb2_amd64.deb  Temporary failure resolving 'deb.debian.org'
Error: Failed to fetch http://deb.debian.org/debian/pool/main/n/ncurses/libncursesw6_6.6%2b20251231-1%2bb1_amd64.deb  Temporary failure resolving 'deb.debian.org'
Error: Failed to fetch http://deb.debian.org/debian/pool/main/r/readline/libreadline8t64_8.3-4_amd64.deb  Temporary failure resolving 'deb.debian.org'
Error: Failed to fetch http://deb.debian.org/debian/pool/main/s/sqlite3/libsqlite3-0_3.46.1-9%2bb1_amd64.deb  Temporary failure resolving 'deb.debian.org'
Error: Failed to fetch http://deb.debian.org/debian/pool/main/p/python3.13/libpython3.13-stdlib_3.13.12-1_amd64.deb  Temporary failure resolving 'deb.debian.org'
Error: Failed to fetch http://deb.debian.org/debian/pool/main/p/python3.13/python3.13_3.13.12-1_amd64.deb  Temporary failure resolving 'deb.debian.org'
Error: Unable to fetch some archives, maybe run apt update or try with --fix-missing?
Error: Failed to process build dependencies
Failed to install dependency BinaryDependency { binary_name: "python3" }: apt failed with retcode 100: ["apt", "-y", "satisfy", "python3-minimal"]
Reading package lists...
Building dependency tree...
Reading state information...
Solving dependencies...
Installing:
  python3-minimal

Installing dependencies:
  ca-certificates  libncursesw6           libsqlite3-0  python3.13
  libexpat1        libpython3.13-minimal  media-types   python3.13-minimal
  libffi8          libpython3.13-stdlib   netbase       readline-common
  libgpm2          libreadline8t64        openssl

Suggested packages:
  gpm              python3.13-doc  binfmt-support
  python3.13-venv  binutils        readline-doc

Summary:
  Upgrading: 0, Installing: 16, Removing: 0, Not Upgrading: 0
  Download size: 9068 kB
  Space needed: 29.3 MB / 2649 MB available

Ign:1 http://deb.debian.org/debian sid/main amd64 libexpat1 amd64 2.8.1-1
Ign:2 http://deb.debian.org/debian sid/main amd64 libpython3.13-minimal amd64 3.13.12-1
Ign:3 http://deb.debian.org/debian sid/main amd64 python3.13-minimal amd64 3.13.12-1
Ign:4 http://deb.debian.org/debian sid/main amd64 python3-minimal amd64 3.13.9-3+b1
Ign:5 http://deb.debian.org/debian sid/main amd64 netbase all 6.5
Ign:6 http://deb.debian.org/debian sid/main amd64 readline-common all 8.3-4
Ign:7 http://deb.debian.org/debian sid/main amd64 openssl amd64 3.6.2-1
Ign:8 http://deb.debian.org/debian sid/main amd64 ca-certificates all 20260601
Ign:9 http://deb.debian.org/debian sid/main amd64 media-types all 14.0.0
Ign:10 http://deb.debian.org/debian sid/main amd64 libffi8 amd64 3.5.2-4
Ign:11 http://deb.debian.org/debian sid/main amd64 libgpm2 amd64 1.20.7-12+b2
Ign:11 http://deb.debian.org/debian sid/main amd64 libgpm2 amd64 1.20.7-12+b2
Ign:10 http://deb.debian.org/debian sid/main amd64 libffi8 amd64 3.5.2-4
Ign:9 http://deb.debian.org/debian sid/main amd64 media-types all 14.0.0
Ign:8 http://deb.debian.org/debian sid/main amd64 ca-certificates all 20260601
Ign:7 http://deb.debian.org/debian sid/main amd64 openssl amd64 3.6.2-1
Ign:6 http://deb.debian.org/debian sid/main amd64 readline-common all 8.3-4
Ign:5 http://deb.debian.org/debian sid/main amd64 netbase all 6.5
Ign:4 http://deb.debian.org/debian sid/main amd64 python3-minimal amd64 3.13.9-3+b1
Ign:3 http://deb.debian.org/debian sid/main amd64 python3.13-minimal amd64 3.13.12-1
Ign:2 http://deb.debian.org/debian sid/main amd64 libpython3.13-minimal amd64 3.13.12-1
Ign:1 http://deb.debian.org/debian sid/main amd64 libexpat1 amd64 2.8.1-1
Ign:1 http://deb.debian.org/debian sid/main amd64 libexpat1 amd64 2.8.1-1
Ign:2 http://deb.debian.org/debian sid/main amd64 libpython3.13-minimal amd64 3.13.12-1
Ign:3 http://deb.debian.org/debian sid/main amd64 python3.13-minimal amd64 3.13.12-1
Ign:4 http://deb.debian.org/debian sid/main amd64 python3-minimal amd64 3.13.9-3+b1
Ign:5 http://deb.debian.org/debian sid/main amd64 netbase all 6.5
Ign:6 http://deb.debian.org/debian sid/main amd64 readline-common all 8.3-4
Ign:7 http://deb.debian.org/debian sid/main amd64 openssl amd64 3.6.2-1
Ign:8 http://deb.debian.org/debian sid/main amd64 ca-certificates all 20260601
Ign:9 http://deb.debian.org/debian sid/main amd64 media-types all 14.0.0
Ign:10 http://deb.debian.org/debian sid/main amd64 libffi8 amd64 3.5.2-4
Ign:11 http://deb.debian.org/debian sid/main amd64 libgpm2 amd64 1.20.7-12+b2
Err:11 http://deb.debian.org/debian sid/main amd64 libgpm2 amd64 1.20.7-12+b2
  Temporary failure resolving 'deb.debian.org'
Err:10 http://deb.debian.org/debian sid/main amd64 libffi8 amd64 3.5.2-4
  Temporary failure resolving 'deb.debian.org'
Err:9 http://deb.debian.org/debian sid/main amd64 media-types all 14.0.0
  Temporary failure resolving 'deb.debian.org'
Err:8 http://deb.debian.org/debian sid/main amd64 ca-certificates all 20260601
  Temporary failure resolving 'deb.debian.org'
Err:7 http://deb.debian.org/debian sid/main amd64 openssl amd64 3.6.2-1
  Temporary failure resolving 'deb.debian.org'
Err:6 http://deb.debian.org/debian sid/main amd64 readline-common all 8.3-4
  Temporary failure resolving 'deb.debian.org'
Err:5 http://deb.debian.org/debian sid/main amd64 netbase all 6.5
  Temporary failure resolving 'deb.debian.org'
Err:4 http://deb.debian.org/debian sid/main amd64 python3-minimal amd64 3.13.9-3+b1
  Temporary failure resolving 'deb.debian.org'
Err:3 http://deb.debian.org/debian sid/main amd64 python3.13-minimal amd64 3.13.12-1
  Temporary failure resolving 'deb.debian.org'
Err:2 http://deb.debian.org/debian sid/main amd64 libpython3.13-minimal amd64 3.13.12-1
  Temporary failure resolving 'deb.debian.org'
Err:1 http://deb.debian.org/debian sid/main amd64 libexpat1 amd64 2.8.1-1
  Temporary failure resolving 'deb.debian.org'
Ign:12 http://deb.debian.org/debian sid/main amd64 libncursesw6 amd64 6.6+20251231-1+b1
Ign:13 http://deb.debian.org/debian sid/main amd64 libreadline8t64 amd64 8.3-4
Ign:14 http://deb.debian.org/debian sid/main amd64 libsqlite3-0 amd64 3.46.1-9+b1
Ign:15 http://deb.debian.org/debian sid/main amd64 libpython3.13-stdlib amd64 3.13.12-1
Ign:16 http://deb.debian.org/debian sid/main amd64 python3.13 amd64 3.13.12-1
Ign:16 http://deb.debian.org/debian sid/main amd64 python3.13 amd64 3.13.12-1
Ign:15 http://deb.debian.org/debian sid/main amd64 libpython3.13-stdlib amd64 3.13.12-1
Ign:14 http://deb.debian.org/debian sid/main amd64 libsqlite3-0 amd64 3.46.1-9+b1
Ign:13 http://deb.debian.org/debian sid/main amd64 libreadline8t64 amd64 8.3-4
Ign:12 http://deb.debian.org/debian sid/main amd64 libncursesw6 amd64 6.6+20251231-1+b1
Ign:12 http://deb.debian.org/debian sid/main amd64 libncursesw6 amd64 6.6+20251231-1+b1
Ign:13 http://deb.debian.org/debian sid/main amd64 libreadline8t64 amd64 8.3-4
Ign:14 http://deb.debian.org/debian sid/main amd64 libsqlite3-0 amd64 3.46.1-9+b1
Ign:15 http://deb.debian.org/debian sid/main amd64 libpython3.13-stdlib amd64 3.13.12-1
Ign:16 http://deb.debian.org/debian sid/main amd64 python3.13 amd64 3.13.12-1
Err:16 http://deb.debian.org/debian sid/main amd64 python3.13 amd64 3.13.12-1
  Temporary failure resolving 'deb.debian.org'
Err:15 http://deb.debian.org/debian sid/main amd64 libpython3.13-stdlib amd64 3.13.12-1
  Temporary failure resolving 'deb.debian.org'
Err:14 http://deb.debian.org/debian sid/main amd64 libsqlite3-0 amd64 3.46.1-9+b1
  Temporary failure resolving 'deb.debian.org'
Err:13 http://deb.debian.org/debian sid/main amd64 libreadline8t64 amd64 8.3-4
  Temporary failure resolving 'deb.debian.org'
Err:12 http://deb.debian.org/debian sid/main amd64 libncursesw6 amd64 6.6+20251231-1+b1
  Temporary failure resolving 'deb.debian.org'
Error: Failed to fetch http://deb.debian.org/debian/pool/main/e/expat/libexpat1_2.8.1-1_amd64.deb  Temporary failure resolving 'deb.debian.org'
Error: Failed to fetch http://deb.debian.org/debian/pool/main/p/python3.13/libpython3.13-minimal_3.13.12-1_amd64.deb  Temporary failure resolving 'deb.debian.org'
Error: Failed to fetch http://deb.debian.org/debian/pool/main/p/python3.13/python3.13-minimal_3.13.12-1_amd64.deb  Temporary failure resolving 'deb.debian.org'
Error: Failed to fetch http://deb.debian.org/debian/pool/main/p/python3-defaults/python3-minimal_3.13.9-3%2bb1_amd64.deb  Temporary failure resolving 'deb.debian.org'
Error: Failed to fetch http://deb.debian.org/debian/pool/main/n/netbase/netbase_6.5_all.deb  Temporary failure resolving 'deb.debian.org'
Error: Failed to fetch http://deb.debian.org/debian/pool/main/r/readline/readline-common_8.3-4_all.deb  Temporary failure resolving 'deb.debian.org'
Error: Failed to fetch http://deb.debian.org/debian/pool/main/o/openssl/openssl_3.6.2-1_amd64.deb  Temporary failure resolving 'deb.debian.org'
Error: Failed to fetch http://deb.debian.org/debian/pool/main/c/ca-certificates/ca-certificates_20260601_all.deb  Temporary failure resolving 'deb.debian.org'
Error: Failed to fetch http://deb.debian.org/debian/pool/main/m/media-types/media-types_14.0.0_all.deb  Temporary failure resolving 'deb.debian.org'
Error: Failed to fetch http://deb.debian.org/debian/pool/main/libf/libffi/libffi8_3.5.2-4_amd64.deb  Temporary failure resolving 'deb.debian.org'
Error: Failed to fetch http://deb.debian.org/debian/pool/main/g/gpm/libgpm2_1.20.7-12%2bb2_amd64.deb  Temporary failure resolving 'deb.debian.org'
Error: Failed to fetch http://deb.debian.org/debian/pool/main/n/ncurses/libncursesw6_6.6%2b20251231-1%2bb1_amd64.deb  Temporary failure resolving 'deb.debian.org'
Error: Failed to fetch http://deb.debian.org/debian/pool/main/r/readline/libreadline8t64_8.3-4_amd64.deb  Temporary failure resolving 'deb.debian.org'
Error: Failed to fetch http://deb.debian.org/debian/pool/main/s/sqlite3/libsqlite3-0_3.46.1-9%2bb1_amd64.deb  Temporary failure resolving 'deb.debian.org'
Error: Failed to fetch http://deb.debian.org/debian/pool/main/p/python3.13/libpython3.13-stdlib_3.13.12-1_amd64.deb  Temporary failure resolving 'deb.debian.org'
Error: Failed to fetch http://deb.debian.org/debian/pool/main/p/python3.13/python3.13_3.13.12-1_amd64.deb  Temporary failure resolving 'deb.debian.org'
Error: Unable to fetch some archives, maybe run apt update or try with --fix-missing?
Error: Failed to process build dependencies
Unable to load setup.py metadata: Other error: Error installing dependency: apt failed with retcode 100: ["apt", "-y", "satisfy", "python3-minimal"]
Reading package lists...
Building dependency tree...
Reading state information...
Solving dependencies...
Installing:
  python3-minimal

Installing dependencies:
  ca-certificates  libncursesw6           libsqlite3-0  python3.13
  libexpat1        libpython3.13-minimal  media-types   python3.13-minimal
  libffi8          libpython3.13-stdlib   netbase       readline-common
  libgpm2          libreadline8t64        openssl

Suggested packages:
  gpm              python3.13-doc  binfmt-support
  python3.13-venv  binutils        readline-doc

Summary:
  Upgrading: 0, Installing: 16, Removing: 0, Not Upgrading: 0
  Download size: 9068 kB
  Space needed: 29.3 MB / 2649 MB available

Ign:1 http://deb.debian.org/debian sid/main amd64 libexpat1 amd64 2.8.1-1
Ign:2 http://deb.debian.org/debian sid/main amd64 libpython3.13-minimal amd64 3.13.12-1
Ign:3 http://deb.debian.org/debian sid/main amd64 python3.13-minimal amd64 3.13.12-1
Ign:4 http://deb.debian.org/debian sid/main amd64 python3-minimal amd64 3.13.9-3+b1
Ign:5 http://deb.debian.org/debian sid/main amd64 netbase all 6.5
Ign:6 http://deb.debian.org/debian sid/main amd64 readline-common all 8.3-4
Ign:7 http://deb.debian.org/debian sid/main amd64 openssl amd64 3.6.2-1
Ign:8 http://deb.debian.org/debian sid/main amd64 ca-certificates all 20260601
Ign:9 http://deb.debian.org/debian sid/main amd64 media-types all 14.0.0
Ign:10 http://deb.debian.org/debian sid/main amd64 libffi8 amd64 3.5.2-4
Ign:11 http://deb.debian.org/debian sid/main amd64 libgpm2 amd64 1.20.7-12+b2
Ign:11 http://deb.debian.org/debian sid/main amd64 libgpm2 amd64 1.20.7-12+b2
Ign:10 http://deb.debian.org/debian sid/main amd64 libffi8 amd64 3.5.2-4
Ign:9 http://deb.debian.org/debian sid/main amd64 media-types all 14.0.0
Ign:8 http://deb.debian.org/debian sid/main amd64 ca-certificates all 20260601
Ign:7 http://deb.debian.org/debian sid/main amd64 openssl amd64 3.6.2-1
Ign:6 http://deb.debian.org/debian sid/main amd64 readline-common all 8.3-4
Ign:5 http://deb.debian.org/debian sid/main amd64 netbase all 6.5
Ign:4 http://deb.debian.org/debian sid/main amd64 python3-minimal amd64 3.13.9-3+b1
Ign:3 http://deb.debian.org/debian sid/main amd64 python3.13-minimal amd64 3.13.12-1
Ign:2 http://deb.debian.org/debian sid/main amd64 libpython3.13-minimal amd64 3.13.12-1
Ign:1 http://deb.debian.org/debian sid/main amd64 libexpat1 amd64 2.8.1-1
Ign:1 http://deb.debian.org/debian sid/main amd64 libexpat1 amd64 2.8.1-1
Ign:2 http://deb.debian.org/debian sid/main amd64 libpython3.13-minimal amd64 3.13.12-1
Ign:3 http://deb.debian.org/debian sid/main amd64 python3.13-minimal amd64 3.13.12-1
Ign:4 http://deb.debian.org/debian sid/main amd64 python3-minimal amd64 3.13.9-3+b1
Ign:5 http://deb.debian.org/debian sid/main amd64 netbase all 6.5
Ign:6 http://deb.debian.org/debian sid/main amd64 readline-common all 8.3-4
Ign:7 http://deb.debian.org/debian sid/main amd64 openssl amd64 3.6.2-1
Ign:8 http://deb.debian.org/debian sid/main amd64 ca-certificates all 20260601
Ign:9 http://deb.debian.org/debian sid/main amd64 media-types all 14.0.0
Ign:10 http://deb.debian.org/debian sid/main amd64 libffi8 amd64 3.5.2-4
Ign:11 http://deb.debian.org/debian sid/main amd64 libgpm2 amd64 1.20.7-12+b2
Err:11 http://deb.debian.org/debian sid/main amd64 libgpm2 amd64 1.20.7-12+b2
  Temporary failure resolving 'deb.debian.org'
Err:10 http://deb.debian.org/debian sid/main amd64 libffi8 amd64 3.5.2-4
  Temporary failure resolving 'deb.debian.org'
Err:9 http://deb.debian.org/debian sid/main amd64 media-types all 14.0.0
  Temporary failure resolving 'deb.debian.org'
Err:8 http://deb.debian.org/debian sid/main amd64 ca-certificates all 20260601
  Temporary failure resolving 'deb.debian.org'
Err:7 http://deb.debian.org/debian sid/main amd64 openssl amd64 3.6.2-1
  Temporary failure resolving 'deb.debian.org'
Err:6 http://deb.debian.org/debian sid/main amd64 readline-common all 8.3-4
  Temporary failure resolving 'deb.debian.org'
Err:5 http://deb.debian.org/debian sid/main amd64 netbase all 6.5
  Temporary failure resolving 'deb.debian.org'
Err:4 http://deb.debian.org/debian sid/main amd64 python3-minimal amd64 3.13.9-3+b1
  Temporary failure resolving 'deb.debian.org'
Err:3 http://deb.debian.org/debian sid/main amd64 python3.13-minimal amd64 3.13.12-1
  Temporary failure resolving 'deb.debian.org'
Err:2 http://deb.debian.org/debian sid/main amd64 libpython3.13-minimal amd64 3.13.12-1
  Temporary failure resolving 'deb.debian.org'
Err:1 http://deb.debian.org/debian sid/main amd64 libexpat1 amd64 2.8.1-1
  Temporary failure resolving 'deb.debian.org'
Ign:12 http://deb.debian.org/debian sid/main amd64 libncursesw6 amd64 6.6+20251231-1+b1
Ign:13 http://deb.debian.org/debian sid/main amd64 libreadline8t64 amd64 8.3-4
Ign:14 http://deb.debian.org/debian sid/main amd64 libsqlite3-0 amd64 3.46.1-9+b1
Ign:15 http://deb.debian.org/debian sid/main amd64 libpython3.13-stdlib amd64 3.13.12-1
Ign:16 http://deb.debian.org/debian sid/main amd64 python3.13 amd64 3.13.12-1
Ign:16 http://deb.debian.org/debian sid/main amd64 python3.13 amd64 3.13.12-1
Ign:15 http://deb.debian.org/debian sid/main amd64 libpython3.13-stdlib amd64 3.13.12-1
Ign:14 http://deb.debian.org/debian sid/main amd64 libsqlite3-0 amd64 3.46.1-9+b1
Ign:13 http://deb.debian.org/debian sid/main amd64 libreadline8t64 amd64 8.3-4
Ign:12 http://deb.debian.org/debian sid/main amd64 libncursesw6 amd64 6.6+20251231-1+b1
Ign:12 http://deb.debian.org/debian sid/main amd64 libncursesw6 amd64 6.6+20251231-1+b1
Ign:13 http://deb.debian.org/debian sid/main amd64 libreadline8t64 amd64 8.3-4
Ign:14 http://deb.debian.org/debian sid/main amd64 libsqlite3-0 amd64 3.46.1-9+b1
Ign:15 http://deb.debian.org/debian sid/main amd64 libpython3.13-stdlib amd64 3.13.12-1
Ign:16 http://deb.debian.org/debian sid/main amd64 python3.13 amd64 3.13.12-1
Err:16 http://deb.debian.org/debian sid/main amd64 python3.13 amd64 3.13.12-1
  Temporary failure resolving 'deb.debian.org'
Err:15 http://deb.debian.org/debian sid/main amd64 libpython3.13-stdlib amd64 3.13.12-1
  Temporary failure resolving 'deb.debian.org'
Err:14 http://deb.debian.org/debian sid/main amd64 libsqlite3-0 amd64 3.46.1-9+b1
  Temporary failure resolving 'deb.debian.org'
Err:13 http://deb.debian.org/debian sid/main amd64 libreadline8t64 amd64 8.3-4
  Temporary failure resolving 'deb.debian.org'
Err:12 http://deb.debian.org/debian sid/main amd64 libncursesw6 amd64 6.6+20251231-1+b1
  Temporary failure resolving 'deb.debian.org'
Error: Failed to fetch http://deb.debian.org/debian/pool/main/e/expat/libexpat1_2.8.1-1_amd64.deb  Temporary failure resolving 'deb.debian.org'
Error: Failed to fetch http://deb.debian.org/debian/pool/main/p/python3.13/libpython3.13-minimal_3.13.12-1_amd64.deb  Temporary failure resolving 'deb.debian.org'
Error: Failed to fetch http://deb.debian.org/debian/pool/main/p/python3.13/python3.13-minimal_3.13.12-1_amd64.deb  Temporary failure resolving 'deb.debian.org'
Error: Failed to fetch http://deb.debian.org/debian/pool/main/p/python3-defaults/python3-minimal_3.13.9-3%2bb1_amd64.deb  Temporary failure resolving 'deb.debian.org'
Error: Failed to fetch http://deb.debian.org/debian/pool/main/n/netbase/netbase_6.5_all.deb  Temporary failure resolving 'deb.debian.org'
Error: Failed to fetch http://deb.debian.org/debian/pool/main/r/readline/readline-common_8.3-4_all.deb  Temporary failure resolving 'deb.debian.org'
Error: Failed to fetch http://deb.debian.org/debian/pool/main/o/openssl/openssl_3.6.2-1_amd64.deb  Temporary failure resolving 'deb.debian.org'
Error: Failed to fetch http://deb.debian.org/debian/pool/main/c/ca-certificates/ca-certificates_20260601_all.deb  Temporary failure resolving 'deb.debian.org'
Error: Failed to fetch http://deb.debian.org/debian/pool/main/m/media-types/media-types_14.0.0_all.deb  Temporary failure resolving 'deb.debian.org'
Error: Failed to fetch http://deb.debian.org/debian/pool/main/libf/libffi/libffi8_3.5.2-4_amd64.deb  Temporary failure resolving 'deb.debian.org'
Error: Failed to fetch http://deb.debian.org/debian/pool/main/g/gpm/libgpm2_1.20.7-12%2bb2_amd64.deb  Temporary failure resolving 'deb.debian.org'
Error: Failed to fetch http://deb.debian.org/debian/pool/main/n/ncurses/libncursesw6_6.6%2b20251231-1%2bb1_amd64.deb  Temporary failure resolving 'deb.debian.org'
Error: Failed to fetch http://deb.debian.org/debian/pool/main/r/readline/libreadline8t64_8.3-4_amd64.deb  Temporary failure resolving 'deb.debian.org'
Error: Failed to fetch http://deb.debian.org/debian/pool/main/s/sqlite3/libsqlite3-0_3.46.1-9%2bb1_amd64.deb  Temporary failure resolving 'deb.debian.org'
Error: Failed to fetch http://deb.debian.org/debian/pool/main/p/python3.13/libpython3.13-stdlib_3.13.12-1_amd64.deb  Temporary failure resolving 'deb.debian.org'
Error: Failed to fetch http://deb.debian.org/debian/pool/main/p/python3.13/python3.13_3.13.12-1_amd64.deb  Temporary failure resolving 'deb.debian.org'
Error: Unable to fetch some archives, maybe run apt update or try with --fix-missing?
Error: Failed to process build dependencies
Unable to map upstream requirement PythonPackageDependency(Requirement { name: PackageName("dissolve"), extras: [], version_or_url: Some(VersionSpecifier(VersionSpecifiers([VersionSpecifier { operator: GreaterThanEqual, version: "0.1.1" }]))), marker: true, origin: None }) (kind runtime-extra:dev) to a Debian package
Unable to map upstream requirement PythonPackageDependency(Requirement { name: PackageName("atheris"), extras: [], version_or_url: None, marker: true, origin: None }) (kind runtime-extra:fuzzing) to a Debian package
Using source package name: python-dulwich
No relevant WNPP bugs found for python-dulwich
Found archived ITP/RFP bugs for dulwich: [(512897, ITP)]
Found WNPP bugs for dulwich: [(512897, ITP)]
Writing initial changelog with source_name: python-dulwich
Running lintian fixers on debianized package
Found 196 lintian fixers
fixer; name="ancient-maintscript-entry"
fixer; name="ancient-python-version-field"
fixer; name="apache2-module-does-not-depend-on-apache2-api"
fixer; name="autotools-pkg-config-macro-not-cross-compilation-safe"
fixer; name="binary-control-field-duplicates-source"
fixer; name="binary-package-depends-on-toolchain-package"
fixer; name="bugs-field-does-not-refer-to-debian-infrastructure"
fixer; name="build-depends-on-1-revision"
fixer; name="build-depends-on-build-essential"
fixer; name="build-depends-on-obsolete-package"
fixer; name="build-depends-on-python-sphinx-only"
fixer; name="built-using-for-golang"
fixer; name="capitalization-error-in-description"
fixer; name="changelog-has-duplicate-line"
fixer; name="chown-with-dot"
fixer; name="circular-installation-prerequisite"
fixer; name="comma-separated-files-in-dep5-copyright"
fixer; name="common-license"
fixer; name="control-file-contains-dh_make-vcs-comment"
fixer; name="control-file-with-CRLF-EOLs"
fixer; name="copyright-continued-lines-with-space"
fixer; name="copyright-format-uri"
fixer; name="copyright-has-crs"
fixer; name="copyright-missing-upstream-info"
fixer; name="copyright-refers-to-old-directory"
fixer; name="copyright-refers-to-symlink-license"
fixer; name="debcargo-collapse-features"
fixer; name="debhelper-but-no-misc-depends"
assuming changelog does not need to be updated since it is the inaugural unreleased entry Specify --update-changelog to override.
fixer; name="debhelper-compat-wrong-field"
fixer; name="debhelper-tools-from-autotools-dev-are-deprecated"
fixer; name="debian-changelog-file-contains-obsolete-user-emacs-settings"
fixer; name="debian-changelog-has-wrong-day-of-week"
fixer; name="debian-changelog-line-too-long"
fixer; name="debian-control-has-empty-field"
fixer; name="debian-control-has-obsolete-dbg-package"
fixer; name="debian-control-has-unusual-field-spacing"
fixer; name="debian-pycompat-is-obsolete"
fixer; name="debian-pyversions-is-obsolete"
fixer; name="debian-rules-contains-unnecessary-get-orig-source-target"
fixer; name="debian-rules-missing-recommended-target"
fixer; name="debian-rules-not-executable"
fixer; name="debian-rules-parses-dpkg-parsechangelog"
fixer; name="debian-rules-sets-dpkg-architecture-variable"
fixer; name="debian-rules-should-not-use-pwd"
fixer; name="debian-rules-uses-as-needed-linker-flag"
fixer; name="debian-rules-uses-deb-build-opts"
fixer; name="debian-rules-uses-deprecated-systemd-override"
fixer; name="debian-rules-uses-special-shell-variable"
fixer; name="debian-rules-uses-unnecessary-dh-argument"
fixer; name="debian-source-options-has-custom-compression-settings"
fixer; name="debian-tests-control-autodep8-is-obsolete"
fixer; name="debian-upstream-obsolete-path"
fixer; name="debian-watch-contains-dh_make-template"
fixer; name="debian-watch-file-is-missing"
fixer; name="debian-watch-file-old-format"
fixer; name="debian-watch-file-uses-deprecated-githubredir"
fixer; name="debian-watch-file-uses-github-releases"
fixer; name="debian-watch-file-uses-old-github-pattern"
fixer; name="debian-watch-not-mangling-version"
fixer; name="debian-watch-use-templates"
fixer; name="debian-watch-uses-insecure-uri"
fixer; name="debug-symbol-migration-possibly-complete"
fixer; name="declares-possibly-conflicting-debhelper-compat-versions"
fixer; name="default-mta-dependency-not-listed-first"
fixer; name="dep3-format-patch-author-or-from-is-better"
fixer; name="dep5-file-paragraph-references-header-paragraph"
fixer; name="depends-on-old-emacs"
fixer; name="depends-on-python-minimal"
fixer; name="description-contains-tabs"
fixer; name="description-synopsis-starts-with-article"
fixer; name="desktop-entry-contains-encoding-key"
fixer; name="desktop-entry-file-has-crs"
fixer; name="dh-clean-k-is-deprecated"
fixer; name="dh-installmanpages-is-obsolete"
fixer; name="dh-quilt-addon-but-quilt-source-format"
fixer; name="dm-upload-allowed"
fixer; name="dpatch-build-dep-but-no-patch-list"
fixer; name="duplicate-contact"
fixer; name="duplicate-override-context"
fixer; name="empty-debian-patches-series"
fixer; name="empty-debian-source-options"
fixer; name="empty-debian-tests-control"
fixer; name="essential-no-not-needed"
fixer; name="excessive-priority-for-library-package"
fixer; name="executable-desktop-file"
fixer; name="extended-description-contains-empty-paragraph"
fixer; name="field-name-typo-in-control"
fixer; name="field-name-typo-in-dep5-copyright"
fixer; name="field-name-typo-in-tests-control"
fixer; name="field-name-typo-in-upstream-metadata"
fixer; name="file-contains-trailing-whitespace"
fixer; name="font-package-not-multi-arch-foreign"
fixer; name="global-files-wildcard-not-first-paragraph-in-dep5-copyright"
fixer; name="homepage-field-uses-insecure-uri"
fixer; name="homepage-for-cpan-package-contains-version"
fixer; name="homepage-in-binary-package"
fixer; name="homepage-url-ends-with-dot-git"
fixer; name="initial-upload-closes-no-bugs"
fixer; name="invalid-dep3-format-patch-wrong-last-update"
fixer; name="invalid-short-name-in-dep5-copyright"
fixer; name="invalid-standards-version"
fixer; name="libmodule-build-perl-needs-to-be-in-build-depends"
fixer; name="libmodule-build-tiny-perl-needs-to-be-in-build-depends"
fixer; name="license-file-listed-in-debian-copyright"
fixer; name="maintainer-also-in-uploaders"
fixer; name="maintainer-script-empty"
fixer; name="maintainer-script-without-set-e"
fixer; name="malformed-override"
fixer; name="missing-build-dependency-for-dh_-command"
fixer; name="missing-prerequisite-for-pyproject-backend"
fixer; name="missing-static-built-using-field-for-golang-package"
fixer; name="needlessly-depends-on-awk"
fixer; name="new-package-uses-date-based-version-number"
fixer; name="newer-debconf-templates"
fixer; name="no-copyright-file"
fixer; name="no-homepage-field"
fixer; name="no-maintainer-field"
fixer; name="no-priority-field"
fixer; name="no-section-field"
fixer; name="obsolete-field-in-dep5-copyright"
fixer; name="obsolete-runtime-tests-restriction"
fixer; name="obsolete-url-in-packaging"
fixer; name="obsolete-vim-addon-manager"
fixer; name="old-fsf-address-in-copyright-file"
fixer; name="old-override-info-format"
fixer; name="orphaned-package-should-not-have-uploaders"
fixer; name="package-contains-linda-override"
fixer; name="package-has-no-description"
fixer; name="package-needs-versioned-debhelper-build-depends"
fixer; name="package-relation-with-perl-modules"
fixer; name="package-uses-deprecated-debhelper-compat-version"
fixer; name="package-uses-deprecated-dpatch-patch-system"
fixer; name="package-uses-deprecated-source-override-location"
fixer; name="patch-file-present-but-not-mentioned-in-series"
fixer; name="pkg-js-tools-test-is-missing"
fixer; name="pkg-perl-testsuite"
fixer; name="pkg-perl-vcs"
fixer; name="possible-missing-colon-in-closes"
fixer; name="priority-extra-is-replaced-by-priority-optional"
fixer; name="pubkey"
fixer; name="public-upstream-key-binary"
fixer; name="public-upstream-key-in-native-package"
fixer; name="public-upstream-key-not-minimal"
fixer; name="public-upstream-keys-in-multiple-locations"
fixer; name="python-teams-merged"
fixer; name="quilt-series-but-no-build-dep"
fixer; name="quilt-series-without-trailing-newline"
fixer; name="redundant-control-relation"
fixer; name="redundant-installation-prerequisite"
fixer; name="redundant-priority-optional-field"
fixer; name="renamed-tag"
fixer; name="rules-not-executable"
fixer; name="rules-requires-root-missing"
fixer; name="skip-systemd-native-flag-missing-pre-depends"
fixer; name="source-format"
fixer; name="space-in-std-shortname-in-dep5-copyright"
fixer; name="systemd-service-alias-without-extension"
fixer; name="systemd-service-file-pidfile-refers-to-var-run"
fixer; name="systemd-service-file-refers-to-obsolete-bindto"
fixer; name="systemd-service-file-refers-to-obsolete-target"
fixer; name="systemd-service-file-shutdown-problems"
fixer; name="trailing-comma-in-maintainer-field"
fixer; name="transitional-package-should-be-oldlibs-optional"
fixer; name="typo-in-debhelper-override-target"
fixer; name="unnecessary-team-upload"
fixer; name="unnecessary-testsuite-autopkgtest-field"
fixer; name="unused-build-dependency-on-cdbs"
fixer; name="unused-entry-in-debian-source-include-binaries"
fixer; name="unused-license-paragraph-in-dep5-copyright"
fixer; name="unused-override"
fixer; name="unversioned-copyright-format-uri"
fixer; name="out-of-date-copyright-format-uri"
fixer; name="upstream-metadata-file"
Lintian fixers completed successfully
Lintian fixers completed: 5 applied, 0 failed
