No upstream repository specified, using upstream source in /home/anurag/WORKSPACE/debianize-CMP/victoriametrics.debianize/
Switching to packaging branch debian/main.
Using default unshare session
Creating UpstreamBranchSource for enhanced upstream metadata handling
Successfully created UpstreamBranchSource
Using upstream version: 1.145.0
Creating unshare session from cached Debian sid image
Using cached Debian sid image from: /home/anurag/.cache/ognibuild/images/debian-sid-amd64.tar.gz
Using cached Debian sid image
Created upstream branch pointing to revision git-v1:e35bd268ff41d9bc8ae6d61bfee8dd30e5b212c6
Created upstream tag: upstream/1.145.0
Unable to map upstream requirement GoPackageDependency { package: "github.com/VictoriaMetrics/VictoriaLogs", version: Some("1.50.1-0.20260415124154-6b7a6357aec0") } (kind build) to a Debian package
Unable to map upstream requirement GoPackageDependency { package: "github.com/bmatcuk/doublestar/v4", version: Some("4.10.0") } (kind build) to a Debian package
Unable to map upstream requirement GoPackageDependency { package: "github.com/cespare/xxhash/v2", version: Some("2.3.0") } (kind build) to a Debian package
Unable to map upstream requirement GoPackageDependency { package: "github.com/oklog/ulid/v2", version: Some("2.1.1") } (kind build) to a Debian package
Multiple candidates for dependency [DebianDependency("golang-golang-x-oauth2-dev"), DebianDependency("golang-golang-x-oauth2-google-dev")]
Breaking tie between [["golang-golang-x-oauth2-dev", "golang-golang-x-oauth2-google-dev"]] to "golang-golang-x-oauth2-google-dev" based on build-depends count
Unable to map upstream requirement GoPackageDependency { package: "gopkg.in/yaml.v2", version: Some("2.4.0") } (kind build) to a Debian package
Multiple candidates for dependency [DebianDependency("golang-google-cloud-dev"), DebianDependency("golang-google-cloud-compute-metadata-dev")]
Breaking tie between [["golang-google-cloud-dev", "golang-google-cloud-compute-metadata-dev"]] to "golang-google-cloud-dev" based on build-depends count
Unable to map upstream requirement GoPackageDependency { package: "github.com/GoogleCloudPlatform/opentelemetry-operations-go/detectors/gcp", version: Some("1.32.0") } (kind build) to a Debian package
Unable to map upstream requirement GoPackageDependency { package: "github.com/GoogleCloudPlatform/opentelemetry-operations-go/exporter/metric", version: Some("0.56.0") } (kind build) to a Debian package
Unable to map upstream requirement GoPackageDependency { package: "github.com/GoogleCloudPlatform/opentelemetry-operations-go/internal/resourcemapping", version: Some("0.56.0") } (kind build) to a Debian package
Unable to map upstream requirement GoPackageDependency { package: "github.com/aws/aws-sdk-go-v2/internal/ini", version: Some("1.8.6") } (kind build) to a Debian package
Unable to map upstream requirement GoPackageDependency { package: "github.com/fxamacker/cbor/v2", version: Some("2.9.1") } (kind build) to a Debian package
Unable to map upstream requirement GoPackageDependency { package: "github.com/go-jose/go-jose/v4", version: Some("4.1.4") } (kind build) to a Debian package
Unable to map upstream requirement GoPackageDependency { package: "github.com/knadh/koanf/v2", version: Some("2.3.4") } (kind build) to a Debian package
Unable to map upstream requirement GoPackageDependency { package: "github.com/open-telemetry/opentelemetry-collector-contrib/internal/exp/metrics", version: Some("0.150.0") } (kind build) to a Debian package
Unable to map upstream requirement GoPackageDependency { package: "github.com/open-telemetry/opentelemetry-collector-contrib/pkg/pdatautil", version: Some("0.150.0") } (kind build) to a Debian package
Unable to map upstream requirement GoPackageDependency { package: "github.com/open-telemetry/opentelemetry-collector-contrib/processor/deltatocumulativeprocessor", version: Some("0.150.0") } (kind build) to a Debian package
Unable to map upstream requirement GoPackageDependency { package: "github.com/spiffe/go-spiffe/v2", version: Some("2.6.0") } (kind build) to a Debian package
Unable to map upstream requirement GoPackageDependency { package: "go.opentelemetry.io/auto/sdk", version: Some("1.2.1") } (kind build) to a Debian package
Unable to map upstream requirement GoPackageDependency { package: "go.opentelemetry.io/collector/internal/componentalias", version: Some("0.150.0") } (kind build) to a Debian package
Unable to map upstream requirement GoPackageDependency { package: "gopkg.in/yaml.v3", version: Some("3.0.1") } (kind build) to a Debian package
Unable to map upstream requirement GoPackageDependency { package: "k8s.io/klog/v2", version: Some("2.140.0") } (kind build) to a Debian package
Unable to map upstream requirement GoPackageDependency { package: "sigs.k8s.io/structured-merge-diff/v6", version: Some("6.3.2") } (kind build) to a Debian package
Using source package name: golang-github-VictoriaMetrics-VictoriaMetrics
No relevant WNPP bugs found for golang-github-VictoriaMetrics-VictoriaMetrics
No relevant WNPP bugs found for github.com/VictoriaMetrics/VictoriaMetrics
Writing initial changelog with source_name: golang-github-VictoriaMetrics-VictoriaMetrics
Running lintian fixers on debianized package
Found 196 lintian fixers
fixer; name="ancient-maintscript-entry"
fixer; name="ancient-python-version-field"
fixer; name="apache2-module-does-not-depend-on-apache2-api"
fixer; name="autotools-pkg-config-macro-not-cross-compilation-safe"
fixer; name="binary-control-field-duplicates-source"
fixer; name="binary-package-depends-on-toolchain-package"
fixer; name="bugs-field-does-not-refer-to-debian-infrastructure"
fixer; name="build-depends-on-1-revision"
fixer; name="build-depends-on-build-essential"
fixer; name="build-depends-on-obsolete-package"
fixer; name="build-depends-on-python-sphinx-only"
fixer; name="built-using-for-golang"
fixer; name="capitalization-error-in-description"
fixer; name="changelog-has-duplicate-line"
fixer; name="chown-with-dot"
fixer; name="circular-installation-prerequisite"
fixer; name="comma-separated-files-in-dep5-copyright"
fixer; name="common-license"
fixer; name="control-file-contains-dh_make-vcs-comment"
fixer; name="control-file-with-CRLF-EOLs"
fixer; name="copyright-continued-lines-with-space"
fixer; name="copyright-format-uri"
fixer; name="copyright-has-crs"
fixer; name="copyright-missing-upstream-info"
fixer; name="copyright-refers-to-old-directory"
fixer; name="copyright-refers-to-symlink-license"
fixer; name="debcargo-collapse-features"
fixer; name="debhelper-but-no-misc-depends"
assuming changelog does not need to be updated since it is the inaugural unreleased entry Specify --update-changelog to override.
fixer; name="debhelper-compat-wrong-field"
fixer; name="debhelper-tools-from-autotools-dev-are-deprecated"
fixer; name="debian-changelog-file-contains-obsolete-user-emacs-settings"
fixer; name="debian-changelog-has-wrong-day-of-week"
fixer; name="debian-changelog-line-too-long"
fixer; name="debian-control-has-empty-field"
fixer; name="debian-control-has-obsolete-dbg-package"
fixer; name="debian-control-has-unusual-field-spacing"
fixer; name="debian-pycompat-is-obsolete"
fixer; name="debian-pyversions-is-obsolete"
fixer; name="debian-rules-contains-unnecessary-get-orig-source-target"
fixer; name="debian-rules-missing-recommended-target"
fixer; name="debian-rules-not-executable"
fixer; name="debian-rules-parses-dpkg-parsechangelog"
fixer; name="debian-rules-sets-dpkg-architecture-variable"
fixer; name="debian-rules-should-not-use-pwd"
fixer; name="debian-rules-uses-as-needed-linker-flag"
fixer; name="debian-rules-uses-deb-build-opts"
fixer; name="debian-rules-uses-deprecated-systemd-override"
fixer; name="debian-rules-uses-special-shell-variable"
fixer; name="debian-rules-uses-unnecessary-dh-argument"
fixer; name="debian-source-options-has-custom-compression-settings"
fixer; name="debian-tests-control-autodep8-is-obsolete"
fixer; name="debian-upstream-obsolete-path"
fixer; name="debian-watch-contains-dh_make-template"
fixer; name="debian-watch-file-is-missing"
fixer; name="debian-watch-file-old-format"
fixer; name="debian-watch-file-uses-deprecated-githubredir"
fixer; name="debian-watch-file-uses-github-releases"
fixer; name="debian-watch-file-uses-old-github-pattern"
fixer; name="debian-watch-not-mangling-version"
fixer; name="debian-watch-use-templates"
fixer; name="debian-watch-uses-insecure-uri"
fixer; name="debug-symbol-migration-possibly-complete"
fixer; name="declares-possibly-conflicting-debhelper-compat-versions"
fixer; name="default-mta-dependency-not-listed-first"
fixer; name="dep3-format-patch-author-or-from-is-better"
fixer; name="dep5-file-paragraph-references-header-paragraph"
fixer; name="depends-on-old-emacs"
fixer; name="depends-on-python-minimal"
fixer; name="description-contains-tabs"
fixer; name="description-synopsis-starts-with-article"
fixer; name="desktop-entry-contains-encoding-key"
fixer; name="desktop-entry-file-has-crs"
fixer; name="dh-clean-k-is-deprecated"
fixer; name="dh-installmanpages-is-obsolete"
fixer; name="dh-quilt-addon-but-quilt-source-format"
fixer; name="dm-upload-allowed"
fixer; name="dpatch-build-dep-but-no-patch-list"
fixer; name="duplicate-contact"
fixer; name="duplicate-override-context"
fixer; name="empty-debian-patches-series"
fixer; name="empty-debian-source-options"
fixer; name="empty-debian-tests-control"
fixer; name="essential-no-not-needed"
fixer; name="excessive-priority-for-library-package"
fixer; name="executable-desktop-file"
fixer; name="extended-description-contains-empty-paragraph"
fixer; name="field-name-typo-in-control"
fixer; name="field-name-typo-in-dep5-copyright"
fixer; name="field-name-typo-in-tests-control"
fixer; name="field-name-typo-in-upstream-metadata"
fixer; name="file-contains-trailing-whitespace"
fixer; name="font-package-not-multi-arch-foreign"
fixer; name="global-files-wildcard-not-first-paragraph-in-dep5-copyright"
fixer; name="homepage-field-uses-insecure-uri"
fixer; name="homepage-for-cpan-package-contains-version"
fixer; name="homepage-in-binary-package"
fixer; name="homepage-url-ends-with-dot-git"
fixer; name="initial-upload-closes-no-bugs"
No relevant WNPP bugs found for golang-github-VictoriaMetrics-VictoriaMetrics
fixer; name="invalid-dep3-format-patch-wrong-last-update"
fixer; name="invalid-short-name-in-dep5-copyright"
fixer; name="invalid-standards-version"
fixer; name="libmodule-build-perl-needs-to-be-in-build-depends"
fixer; name="libmodule-build-tiny-perl-needs-to-be-in-build-depends"
fixer; name="license-file-listed-in-debian-copyright"
fixer; name="maintainer-also-in-uploaders"
fixer; name="maintainer-script-empty"
fixer; name="maintainer-script-without-set-e"
fixer; name="malformed-override"
fixer; name="missing-build-dependency-for-dh_-command"
fixer; name="missing-prerequisite-for-pyproject-backend"
fixer; name="missing-static-built-using-field-for-golang-package"
fixer; name="needlessly-depends-on-awk"
fixer; name="new-package-uses-date-based-version-number"
fixer; name="newer-debconf-templates"
fixer; name="no-copyright-file"
fixer; name="no-homepage-field"
fixer; name="no-maintainer-field"
fixer; name="no-priority-field"
fixer; name="no-section-field"
fixer; name="obsolete-field-in-dep5-copyright"
fixer; name="obsolete-runtime-tests-restriction"
fixer; name="obsolete-url-in-packaging"
fixer; name="obsolete-vim-addon-manager"
fixer; name="old-fsf-address-in-copyright-file"
fixer; name="old-override-info-format"
fixer; name="orphaned-package-should-not-have-uploaders"
fixer; name="package-contains-linda-override"
fixer; name="package-has-no-description"
fixer; name="package-needs-versioned-debhelper-build-depends"
fixer; name="package-relation-with-perl-modules"
fixer; name="package-uses-deprecated-debhelper-compat-version"
fixer; name="package-uses-deprecated-dpatch-patch-system"
fixer; name="package-uses-deprecated-source-override-location"
fixer; name="patch-file-present-but-not-mentioned-in-series"
fixer; name="pkg-js-tools-test-is-missing"
fixer; name="pkg-perl-testsuite"
fixer; name="pkg-perl-vcs"
fixer; name="possible-missing-colon-in-closes"
fixer; name="priority-extra-is-replaced-by-priority-optional"
fixer; name="pubkey"
fixer; name="public-upstream-key-binary"
fixer; name="public-upstream-key-in-native-package"
fixer; name="public-upstream-key-not-minimal"
fixer; name="public-upstream-keys-in-multiple-locations"
fixer; name="python-teams-merged"
fixer; name="quilt-series-but-no-build-dep"
fixer; name="quilt-series-without-trailing-newline"
fixer; name="redundant-control-relation"
fixer; name="redundant-installation-prerequisite"
fixer; name="redundant-priority-optional-field"
fixer; name="renamed-tag"
fixer; name="rules-not-executable"
fixer; name="rules-requires-root-missing"
fixer; name="skip-systemd-native-flag-missing-pre-depends"
fixer; name="source-format"
fixer; name="space-in-std-shortname-in-dep5-copyright"
fixer; name="systemd-service-alias-without-extension"
fixer; name="systemd-service-file-pidfile-refers-to-var-run"
fixer; name="systemd-service-file-refers-to-obsolete-bindto"
fixer; name="systemd-service-file-refers-to-obsolete-target"
fixer; name="systemd-service-file-shutdown-problems"
fixer; name="trailing-comma-in-maintainer-field"
fixer; name="transitional-package-should-be-oldlibs-optional"
fixer; name="typo-in-debhelper-override-target"
fixer; name="unnecessary-team-upload"
fixer; name="unnecessary-testsuite-autopkgtest-field"
fixer; name="unused-build-dependency-on-cdbs"
fixer; name="unused-entry-in-debian-source-include-binaries"
fixer; name="unused-license-paragraph-in-dep5-copyright"
fixer; name="unused-override"
fixer; name="unversioned-copyright-format-uri"
fixer; name="out-of-date-copyright-format-uri"
fixer; name="upstream-metadata-file"
Lintian fixers completed successfully
Lintian fixers completed: 3 applied, 0 failed
